Flow report for DUT
Thu Sep 29 16:44:17 2022
Quartus Prime Version 20.1.1 Build 720 11/11/2020 SJ Lite Edition


---------------------
; Table of Contents ;
---------------------
  1. Legal Notice
  2. Flow Summary
  3. Flow Settings
  4. Flow Non-Default Global Settings
  5. Flow Elapsed Time
  6. Flow OS Summary
  7. Flow Log
  8. Flow Messages
  9. Flow Suppressed Messages



----------------
; Legal Notice ;
----------------
Copyright (C) 2020  Intel Corporation. All rights reserved.
Your use of Intel Corporation's design tools, logic functions 
and other software and tools, and any partner logic 
functions, and any output files from any of the foregoing 
(including device programming or simulation files), and any 
associated documentation or information are expressly subject 
to the terms and conditions of the Intel Program License 
Subscription Agreement, the Intel Quartus Prime License Agreement,
the Intel FPGA IP License Agreement, or other applicable license
agreement, including, without limitation, that your use is for
the sole purpose of programming logic devices manufactured by
Intel and sold by Intel or its authorized distributors.  Please
refer to the applicable agreement for further details, at
https://fpgasoftware.intel.com/eula.



+----------------------------------------------------------------------------------+
; Flow Summary                                                                     ;
+------------------------------------+---------------------------------------------+
; Flow Status                        ; Successful - Thu Sep 29 16:44:17 2022       ;
; Quartus Prime Version              ; 20.1.1 Build 720 11/11/2020 SJ Lite Edition ;
; Revision Name                      ; DUT                                         ;
; Top-level Entity Name              ; TopLevel                                    ;
; Family                             ; MAX 10                                      ;
; Device                             ; 10M25SAE144C8G                              ;
; Timing Models                      ; Final                                       ;
; Total logic elements               ; N/A until Partition Merge                   ;
;     Total combinational functions  ; N/A until Partition Merge                   ;
;     Dedicated logic registers      ; N/A until Partition Merge                   ;
; Total registers                    ; N/A until Partition Merge                   ;
; Total pins                         ; N/A until Partition Merge                   ;
; Total virtual pins                 ; N/A until Partition Merge                   ;
; Total memory bits                  ; N/A until Partition Merge                   ;
; Embedded Multiplier 9-bit elements ; N/A until Partition Merge                   ;
; Total PLLs                         ; N/A until Partition Merge                   ;
; UFM blocks                         ; N/A until Partition Merge                   ;
; ADC blocks                         ; N/A until Partition Merge                   ;
+------------------------------------+---------------------------------------------+


+-----------------------------------------+
; Flow Settings                           ;
+-------------------+---------------------+
; Option            ; Setting             ;
+-------------------+---------------------+
; Start date & time ; 09/29/2022 16:43:58 ;
; Main task         ; Compilation         ;
; Revision Name     ; DUT                 ;
+-------------------+---------------------+


+-------------------------------------------------------------------------------------------------------------------------------------------------------------------+
; Flow Non-Default Global Settings                                                                                                                                  ;
+--------------------------------------+----------------------------------------------------------+---------------+-------------+-----------------------------------+
; Assignment Name                      ; Value                                                    ; Default Value ; Entity Name ; Section Id                        ;
+--------------------------------------+----------------------------------------------------------+---------------+-------------+-----------------------------------+
; COMPILER_SIGNATURE_ID                ; 84077396628034.166445003715916                           ; --            ; --          ; --                                ;
; EDA_DESIGN_INSTANCE_NAME             ; dut_instance                                             ; --            ; --          ; Testbench.vhdl                    ;
; EDA_GENERATE_FUNCTIONAL_NETLIST      ; Off                                                      ; --            ; --          ; eda_board_design_timing           ;
; EDA_GENERATE_FUNCTIONAL_NETLIST      ; Off                                                      ; --            ; --          ; eda_board_design_boundary_scan    ;
; EDA_GENERATE_FUNCTIONAL_NETLIST      ; Off                                                      ; --            ; --          ; eda_board_design_signal_integrity ;
; EDA_GENERATE_FUNCTIONAL_NETLIST      ; Off                                                      ; --            ; --          ; eda_board_design_symbol           ;
; EDA_NATIVELINK_SIMULATION_TEST_BENCH ; Testbench.vhdl                                           ; --            ; --          ; eda_simulation                    ;
; EDA_OUTPUT_DATA_FORMAT               ; Vhdl                                                     ; --            ; --          ; eda_simulation                    ;
; EDA_SIMULATION_TOOL                  ; ModelSim-Altera (VHDL)                                   ; <None>        ; --          ; --                                ;
; EDA_TEST_BENCH_ENABLE_STATUS         ; TEST_BENCH_MODE                                          ; --            ; --          ; eda_simulation                    ;
; EDA_TEST_BENCH_FILE                  ; TRACEFILE.txt                                            ; --            ; --          ; Testbench.vhdl                    ;
; EDA_TEST_BENCH_FILE                  ; Testbench.vhdl                                           ; --            ; --          ; Testbench.vhdl                    ;
; EDA_TEST_BENCH_MODULE_NAME           ; Testbench                                                ; --            ; --          ; Testbench.vhdl                    ;
; EDA_TEST_BENCH_NAME                  ; Testbench.vhdl                                           ; --            ; --          ; eda_simulation                    ;
; EDA_TIME_SCALE                       ; 1 ps                                                     ; --            ; --          ; eda_simulation                    ;
; FLOW_ENABLE_POWER_ANALYZER           ; On                                                       ; Off           ; --          ; --                                ;
; MAX_CORE_JUNCTION_TEMP               ; 85                                                       ; --            ; --          ; --                                ;
; MIN_CORE_JUNCTION_TEMP               ; 0                                                        ; --            ; --          ; --                                ;
; MISC_FILE                            ; v_jtag/synthesis/../v_jtag.cmp                           ; --            ; --          ; --                                ;
; MISC_FILE                            ; v_jtag/synthesis/../../v_jtag.qsys                       ; --            ; --          ; --                                ;
; PARTITION_COLOR                      ; -- (Not supported for targeted family)                   ; --            ; TopLevel    ; Top                               ;
; PARTITION_FITTER_PRESERVATION_LEVEL  ; -- (Not supported for targeted family)                   ; --            ; TopLevel    ; Top                               ;
; PARTITION_NETLIST_TYPE               ; -- (Not supported for targeted family)                   ; --            ; TopLevel    ; Top                               ;
; POWER_BOARD_THERMAL_MODEL            ; None (CONSERVATIVE)                                      ; --            ; --          ; --                                ;
; POWER_DEFAULT_INPUT_IO_TOGGLE_RATE   ; 12.5 %                                                   ; 12.5%         ; --          ; --                                ;
; POWER_PRESET_COOLING_SOLUTION        ; 23 MM HEAT SINK WITH 200 LFPM AIRFLOW                    ; --            ; --          ; --                                ;
; PROJECT_OUTPUT_DIRECTORY             ; output_files                                             ; --            ; --          ; --                                ;
; SLD_FILE                             ; v_jtag/synthesis/v_jtag.debuginfo                        ; --            ; --          ; --                                ;
; SLD_INFO                             ; QSYS_NAME v_jtag HAS_SOPCINFO 1 GENERATION_ID 1623670142 ; --            ; v_jtag      ; --                                ;
; SOPCINFO_FILE                        ; v_jtag/synthesis/../../v_jtag.sopcinfo                   ; --            ; --          ; --                                ;
; SYNTHESIS_ONLY_QIP                   ; On                                                       ; --            ; --          ; --                                ;
; TOP_LEVEL_ENTITY                     ; TopLevel                                                 ; DUT           ; --          ; --                                ;
+--------------------------------------+----------------------------------------------------------+---------------+-------------+-----------------------------------+


+----------------------------------------------------------------------------------------------------------------------------+
; Flow Elapsed Time                                                                                                          ;
+------------------------+--------------+-------------------------+---------------------+------------------------------------+
; Module Name            ; Elapsed Time ; Average Processors Used ; Peak Virtual Memory ; Total CPU Time (on all processors) ;
+------------------------+--------------+-------------------------+---------------------+------------------------------------+
; Analysis & Elaboration ; 00:00:19     ; 1.0                     ; 4784 MB             ; 00:00:42                           ;
; Total                  ; 00:00:19     ; --                      ; --                  ; 00:00:42                           ;
+------------------------+--------------+-------------------------+---------------------+------------------------------------+


+--------------------------------------------------------------------------------------+
; Flow OS Summary                                                                      ;
+------------------------+------------------+------------+------------+----------------+
; Module Name            ; Machine Hostname ; OS Name    ; OS Version ; Processor type ;
+------------------------+------------------+------------+------------+----------------+
; Analysis & Elaboration ; OMKAR_IITB       ; Windows 10 ; 10.0       ; x86_64         ;
+------------------------+------------------+------------+------------+----------------+


------------
; Flow Log ;
------------
quartus_map --read_settings_files=on --write_settings_files=off ALU -c DUT --analysis_and_elaboration



