Analysis & Synthesis report for DUT
Thu Sep 01 16:34:38 2022
Quartus Prime Version 20.1.1 Build 720 11/11/2020 SJ Lite Edition


---------------------
; Table of Contents ;
---------------------
  1. Legal Notice
  2. Analysis & Synthesis Summary
  3. Analysis & Synthesis Settings
  4. Parallel Compilation
  5. Analysis & Synthesis Source Files Read
  6. Analysis & Synthesis Resource Usage Summary
  7. Analysis & Synthesis Resource Utilization by Entity
  8. Analysis & Synthesis IP Cores Summary
  9. General Register Statistics
 10. Inverted Register Statistics
 11. Multiplexer Restructuring Statistics (Restructuring Performed)
 12. Parameter Settings for User Entity Instance: v_jtag:u0|sld_virtual_jtag:virtual_jtag_0
 13. Port Connectivity Checks: "DUT:dut_instance|MULTIPLIER:add_instance|ADDER_SUBTRACTOR:FB2"
 14. Port Connectivity Checks: "DUT:dut_instance|MULTIPLIER:add_instance|ADDER_SUBTRACTOR:FB1"
 15. Port Connectivity Checks: "v_jtag:u0"
 16. Virtual JTAG Settings
 17. Post-Synthesis Netlist Statistics for Top Partition
 18. Elapsed Time Per Partition
 19. Analysis & Synthesis Messages



----------------
; Legal Notice ;
----------------
Copyright (C) 2020  Intel Corporation. All rights reserved.
Your use of Intel Corporation's design tools, logic functions 
and other software and tools, and any partner logic 
functions, and any output files from any of the foregoing 
(including device programming or simulation files), and any 
associated documentation or information are expressly subject 
to the terms and conditions of the Intel Program License 
Subscription Agreement, the Intel Quartus Prime License Agreement,
the Intel FPGA IP License Agreement, or other applicable license
agreement, including, without limitation, that your use is for
the sole purpose of programming logic devices manufactured by
Intel and sold by Intel or its authorized distributors.  Please
refer to the applicable agreement for further details, at
https://fpgasoftware.intel.com/eula.



+----------------------------------------------------------------------------------+
; Analysis & Synthesis Summary                                                     ;
+------------------------------------+---------------------------------------------+
; Analysis & Synthesis Status        ; Successful - Thu Sep 01 16:34:38 2022       ;
; Quartus Prime Version              ; 20.1.1 Build 720 11/11/2020 SJ Lite Edition ;
; Revision Name                      ; DUT                                         ;
; Top-level Entity Name              ; TopLevel                                    ;
; Family                             ; MAX 10                                      ;
; Total logic elements               ; 196                                         ;
;     Total combinational functions  ; 166                                         ;
;     Dedicated logic registers      ; 97                                          ;
; Total registers                    ; 97                                          ;
; Total pins                         ; 5                                           ;
; Total virtual pins                 ; 0                                           ;
; Total memory bits                  ; 0                                           ;
; Embedded Multiplier 9-bit elements ; 0                                           ;
; Total PLLs                         ; 0                                           ;
; UFM blocks                         ; 0                                           ;
; ADC blocks                         ; 0                                           ;
+------------------------------------+---------------------------------------------+


+------------------------------------------------------------------------------------------------------------+
; Analysis & Synthesis Settings                                                                              ;
+------------------------------------------------------------------+--------------------+--------------------+
; Option                                                           ; Setting            ; Default Value      ;
+------------------------------------------------------------------+--------------------+--------------------+
; Device                                                           ; 10M25SAE144C8G     ;                    ;
; Top-level entity name                                            ; TopLevel           ; DUT                ;
; Family name                                                      ; MAX 10             ; Cyclone V          ;
; Use smart compilation                                            ; Off                ; Off                ;
; Enable parallel Assembler and Timing Analyzer during compilation ; On                 ; On                 ;
; Enable compact report table                                      ; Off                ; Off                ;
; Restructure Multiplexers                                         ; Auto               ; Auto               ;
; Create Debugging Nodes for IP Cores                              ; Off                ; Off                ;
; Preserve fewer node names                                        ; On                 ; On                 ;
; Intel FPGA IP Evaluation Mode                                    ; Enable             ; Enable             ;
; Verilog Version                                                  ; Verilog_2001       ; Verilog_2001       ;
; VHDL Version                                                     ; VHDL_1993          ; VHDL_1993          ;
; State Machine Processing                                         ; Auto               ; Auto               ;
; Safe State Machine                                               ; Off                ; Off                ;
; Extract Verilog State Machines                                   ; On                 ; On                 ;
; Extract VHDL State Machines                                      ; On                 ; On                 ;
; Ignore Verilog initial constructs                                ; Off                ; Off                ;
; Iteration limit for constant Verilog loops                       ; 5000               ; 5000               ;
; Iteration limit for non-constant Verilog loops                   ; 250                ; 250                ;
; Add Pass-Through Logic to Inferred RAMs                          ; On                 ; On                 ;
; Infer RAMs from Raw Logic                                        ; On                 ; On                 ;
; Parallel Synthesis                                               ; On                 ; On                 ;
; DSP Block Balancing                                              ; Auto               ; Auto               ;
; NOT Gate Push-Back                                               ; On                 ; On                 ;
; Power-Up Don't Care                                              ; On                 ; On                 ;
; Remove Redundant Logic Cells                                     ; Off                ; Off                ;
; Remove Duplicate Registers                                       ; On                 ; On                 ;
; Ignore CARRY Buffers                                             ; Off                ; Off                ;
; Ignore CASCADE Buffers                                           ; Off                ; Off                ;
; Ignore GLOBAL Buffers                                            ; Off                ; Off                ;
; Ignore ROW GLOBAL Buffers                                        ; Off                ; Off                ;
; Ignore LCELL Buffers                                             ; Off                ; Off                ;
; Ignore SOFT Buffers                                              ; On                 ; On                 ;
; Limit AHDL Integers to 32 Bits                                   ; Off                ; Off                ;
; Optimization Technique                                           ; Balanced           ; Balanced           ;
; Carry Chain Length                                               ; 70                 ; 70                 ;
; Auto Carry Chains                                                ; On                 ; On                 ;
; Auto Open-Drain Pins                                             ; On                 ; On                 ;
; Perform WYSIWYG Primitive Resynthesis                            ; Off                ; Off                ;
; Auto ROM Replacement                                             ; On                 ; On                 ;
; Auto RAM Replacement                                             ; On                 ; On                 ;
; Auto DSP Block Replacement                                       ; On                 ; On                 ;
; Auto Shift Register Replacement                                  ; Auto               ; Auto               ;
; Allow Shift Register Merging across Hierarchies                  ; Auto               ; Auto               ;
; Auto Clock Enable Replacement                                    ; On                 ; On                 ;
; Strict RAM Replacement                                           ; Off                ; Off                ;
; Allow Synchronous Control Signals                                ; On                 ; On                 ;
; Force Use of Synchronous Clear Signals                           ; Off                ; Off                ;
; Auto RAM Block Balancing                                         ; On                 ; On                 ;
; Auto RAM to Logic Cell Conversion                                ; Off                ; Off                ;
; Auto Resource Sharing                                            ; Off                ; Off                ;
; Allow Any RAM Size For Recognition                               ; Off                ; Off                ;
; Allow Any ROM Size For Recognition                               ; Off                ; Off                ;
; Allow Any Shift Register Size For Recognition                    ; Off                ; Off                ;
; Use LogicLock Constraints during Resource Balancing              ; On                 ; On                 ;
; Ignore translate_off and synthesis_off directives                ; Off                ; Off                ;
; Timing-Driven Synthesis                                          ; On                 ; On                 ;
; Report Parameter Settings                                        ; On                 ; On                 ;
; Report Source Assignments                                        ; On                 ; On                 ;
; Report Connectivity Checks                                       ; On                 ; On                 ;
; Ignore Maximum Fan-Out Assignments                               ; Off                ; Off                ;
; Synchronization Register Chain Length                            ; 2                  ; 2                  ;
; Power Optimization During Synthesis                              ; Normal compilation ; Normal compilation ;
; HDL message level                                                ; Level2             ; Level2             ;
; Suppress Register Optimization Related Messages                  ; Off                ; Off                ;
; Number of Removed Registers Reported in Synthesis Report         ; 5000               ; 5000               ;
; Number of Swept Nodes Reported in Synthesis Report               ; 5000               ; 5000               ;
; Number of Inverted Registers Reported in Synthesis Report        ; 100                ; 100                ;
; Clock MUX Protection                                             ; On                 ; On                 ;
; Auto Gated Clock Conversion                                      ; Off                ; Off                ;
; Block Design Naming                                              ; Auto               ; Auto               ;
; SDC constraint protection                                        ; Off                ; Off                ;
; Synthesis Effort                                                 ; Auto               ; Auto               ;
; Shift Register Replacement - Allow Asynchronous Clear Signal     ; On                 ; On                 ;
; Pre-Mapping Resynthesis Optimization                             ; Off                ; Off                ;
; Analysis & Synthesis Message Level                               ; Medium             ; Medium             ;
; Disable Register Merging Across Hierarchies                      ; Auto               ; Auto               ;
; Resource Aware Inference For Block RAM                           ; On                 ; On                 ;
+------------------------------------------------------------------+--------------------+--------------------+


+------------------------------------------+
; Parallel Compilation                     ;
+----------------------------+-------------+
; Processors                 ; Number      ;
+----------------------------+-------------+
; Number detected on machine ; 8           ;
; Maximum allowed            ; 4           ;
;                            ;             ;
; Average used               ; 1.00        ;
; Maximum used               ; 4           ;
;                            ;             ;
; Usage by Processor         ; % Time Used ;
;     Processor 1            ; 100.0%      ;
;     Processors 2-4         ;   0.0%      ;
+----------------------------+-------------+


+----------------------------------------------------------------------------------------------------------------------------------------------------------------------------------------------------------------------------------------------+
; Analysis & Synthesis Source Files Read                                                                                                                                                                                                       ;
+--------------------------------------------------------------------+-----------------+----------------------------------------------+------------------------------------------------------------------------------------------+-------------+
; File Name with User-Entered Path                                   ; Used in Netlist ; File Type                                    ; File Name with Absolute Path                                                             ; Library     ;
+--------------------------------------------------------------------+-----------------+----------------------------------------------+------------------------------------------------------------------------------------------+-------------+
; XOR.vhd                                                            ; yes             ; User VHDL File                               ; E:/EE214/lab/prob01/XOR.vhd                                                              ;             ;
; ADDER_SUBTRACTOR.vhd                                               ; yes             ; User VHDL File                               ; E:/EE214/lab/prob01/ADDER_SUBTRACTOR.vhd                                                 ;             ;
; v_jtag/synthesis/v_jtag.vhd                                        ; yes             ; User VHDL File                               ; E:/EE214/lab/prob01/v_jtag/synthesis/v_jtag.vhd                                          ; v_jtag      ;
; TopLevel.vhdl                                                      ; yes             ; User VHDL File                               ; E:/EE214/lab/prob01/TopLevel.vhdl                                                        ;             ;
; FULL_ADDER.vhdl                                                    ; yes             ; User VHDL File                               ; E:/EE214/lab/prob01/FULL_ADDER.vhdl                                                      ;             ;
; Gates.vhdl                                                         ; yes             ; User VHDL File                               ; E:/EE214/lab/prob01/Gates.vhdl                                                           ;             ;
; DUT.vhdl                                                           ; yes             ; User VHDL File                               ; E:/EE214/lab/prob01/DUT.vhdl                                                             ;             ;
; MULTIPLIER.vhd                                                     ; yes             ; User VHDL File                               ; E:/EE214/lab/prob01/MULTIPLIER.vhd                                                       ;             ;
; sld_virtual_jtag.v                                                 ; yes             ; Megafunction                                 ; c:/intelfpga_lite/20.1/quartus/libraries/megafunctions/sld_virtual_jtag.v                ;             ;
; sld_virtual_jtag_basic.v                                           ; yes             ; Megafunction                                 ; c:/intelfpga_lite/20.1/quartus/libraries/megafunctions/sld_virtual_jtag_basic.v          ;             ;
; sld_jtag_endpoint_adapter.vhd                                      ; yes             ; Encrypted Megafunction                       ; c:/intelfpga_lite/20.1/quartus/libraries/megafunctions/sld_jtag_endpoint_adapter.vhd     ;             ;
; sld_jtag_endpoint_adapter_impl.sv                                  ; yes             ; Encrypted Megafunction                       ; c:/intelfpga_lite/20.1/quartus/libraries/megafunctions/sld_jtag_endpoint_adapter_impl.sv ;             ;
; sld_hub.vhd                                                        ; yes             ; Encrypted Megafunction                       ; c:/intelfpga_lite/20.1/quartus/libraries/megafunctions/sld_hub.vhd                       ; altera_sld  ;
; db/ip/sld588c18dd/alt_sld_fab.v                                    ; yes             ; Encrypted Auto-Found Verilog HDL File        ; E:/EE214/lab/prob01/db/ip/sld588c18dd/alt_sld_fab.v                                      ; alt_sld_fab ;
; db/ip/sld588c18dd/submodules/alt_sld_fab_alt_sld_fab.v             ; yes             ; Encrypted Auto-Found Verilog HDL File        ; E:/EE214/lab/prob01/db/ip/sld588c18dd/submodules/alt_sld_fab_alt_sld_fab.v               ; alt_sld_fab ;
; db/ip/sld588c18dd/submodules/alt_sld_fab_alt_sld_fab_ident.sv      ; yes             ; Auto-Found SystemVerilog HDL File            ; E:/EE214/lab/prob01/db/ip/sld588c18dd/submodules/alt_sld_fab_alt_sld_fab_ident.sv        ; alt_sld_fab ;
; db/ip/sld588c18dd/submodules/alt_sld_fab_alt_sld_fab_presplit.sv   ; yes             ; Encrypted Auto-Found SystemVerilog HDL File  ; E:/EE214/lab/prob01/db/ip/sld588c18dd/submodules/alt_sld_fab_alt_sld_fab_presplit.sv     ; alt_sld_fab ;
; db/ip/sld588c18dd/submodules/alt_sld_fab_alt_sld_fab_sldfabric.vhd ; yes             ; Encrypted Auto-Found VHDL File               ; E:/EE214/lab/prob01/db/ip/sld588c18dd/submodules/alt_sld_fab_alt_sld_fab_sldfabric.vhd   ; alt_sld_fab ;
; db/ip/sld588c18dd/submodules/alt_sld_fab_alt_sld_fab_splitter.sv   ; yes             ; Encrypted Auto-Found SystemVerilog HDL File  ; E:/EE214/lab/prob01/db/ip/sld588c18dd/submodules/alt_sld_fab_alt_sld_fab_splitter.sv     ; alt_sld_fab ;
; sld_jtag_hub.vhd                                                   ; yes             ; Encrypted Megafunction                       ; c:/intelfpga_lite/20.1/quartus/libraries/megafunctions/sld_jtag_hub.vhd                  ;             ;
; sld_rom_sr.vhd                                                     ; yes             ; Encrypted Megafunction                       ; c:/intelfpga_lite/20.1/quartus/libraries/megafunctions/sld_rom_sr.vhd                    ;             ;
+--------------------------------------------------------------------+-----------------+----------------------------------------------+------------------------------------------------------------------------------------------+-------------+


+------------------------------------------------------------------------+
; Analysis & Synthesis Resource Usage Summary                            ;
+---------------------------------------------+--------------------------+
; Resource                                    ; Usage                    ;
+---------------------------------------------+--------------------------+
; Estimated Total logic elements              ; 196                      ;
;                                             ;                          ;
; Total combinational functions               ; 166                      ;
; Logic element usage by number of LUT inputs ;                          ;
;     -- 4 input functions                    ; 73                       ;
;     -- 3 input functions                    ; 44                       ;
;     -- <=2 input functions                  ; 49                       ;
;                                             ;                          ;
; Logic elements by mode                      ;                          ;
;     -- normal mode                          ; 158                      ;
;     -- arithmetic mode                      ; 8                        ;
;                                             ;                          ;
; Total registers                             ; 97                       ;
;     -- Dedicated logic registers            ; 97                       ;
;     -- I/O registers                        ; 0                        ;
;                                             ;                          ;
; I/O pins                                    ; 5                        ;
;                                             ;                          ;
; Embedded Multiplier 9-bit elements          ; 0                        ;
;                                             ;                          ;
; Maximum fan-out node                        ; altera_internal_jtag~TDO ;
; Maximum fan-out                             ; 118                      ;
; Total fan-out                               ; 823                      ;
; Average fan-out                             ; 2.92                     ;
+---------------------------------------------+--------------------------+


+--------------------------------------------------------------------------------------------------------------------------------------------------------------------------------------------------------------------------------------------------------------------------------------------------------------------------------------------------------------------------------------------------------------------------------------------------------------------------------------------------------------------------------------------------------------------------------------------------------------------------------------------------------------------------------------------------------+
; Analysis & Synthesis Resource Utilization by Entity                                                                                                                                                                                                                                                                                                                                                                                                                                                                                                                                                                                                                                                    ;
+-----------------------------------------------------------------------------------------------------------------------------------------+---------------------+---------------------------+-------------+------------+--------------+---------+-----------+------+--------------+------------+------------------------------------------------------------------------------------------------------------------------------------------------------------------------------------------------------------------------------------------------------------------------------------------------------------------------------------------------------+-----------------------------------+--------------+
; Compilation Hierarchy Node                                                                                                              ; Combinational ALUTs ; Dedicated Logic Registers ; Memory Bits ; UFM Blocks ; DSP Elements ; DSP 9x9 ; DSP 18x18 ; Pins ; Virtual Pins ; ADC blocks ; Full Hierarchy Name                                                                                                                                                                                                                                                                                                                                  ; Entity Name                       ; Library Name ;
+-----------------------------------------------------------------------------------------------------------------------------------------+---------------------+---------------------------+-------------+------------+--------------+---------+-----------+------+--------------+------------+------------------------------------------------------------------------------------------------------------------------------------------------------------------------------------------------------------------------------------------------------------------------------------------------------------------------------------------------------+-----------------------------------+--------------+
; |TopLevel                                                                                                                               ; 166 (16)            ; 97 (22)                   ; 0           ; 0          ; 0            ; 0       ; 0         ; 5    ; 0            ; 0          ; |TopLevel                                                                                                                                                                                                                                                                                                                                            ; TopLevel                          ; work         ;
;    |DUT:dut_instance|                                                                                                                   ; 21 (0)              ; 0 (0)                     ; 0           ; 0          ; 0            ; 0       ; 0         ; 0    ; 0            ; 0          ; |TopLevel|DUT:dut_instance                                                                                                                                                                                                                                                                                                                           ; DUT                               ; work         ;
;       |MULTIPLIER:add_instance|                                                                                                         ; 21 (0)              ; 0 (0)                     ; 0           ; 0          ; 0            ; 0       ; 0         ; 0    ; 0            ; 0          ; |TopLevel|DUT:dut_instance|MULTIPLIER:add_instance                                                                                                                                                                                                                                                                                                   ; MULTIPLIER                        ; work         ;
;          |ADDER_SUBTRACTOR:FB1|                                                                                                         ; 5 (0)               ; 0 (0)                     ; 0           ; 0          ; 0            ; 0       ; 0         ; 0    ; 0            ; 0          ; |TopLevel|DUT:dut_instance|MULTIPLIER:add_instance|ADDER_SUBTRACTOR:FB1                                                                                                                                                                                                                                                                              ; ADDER_SUBTRACTOR                  ; work         ;
;             |FULL_ADDER:FA2|                                                                                                            ; 2 (0)               ; 0 (0)                     ; 0           ; 0          ; 0            ; 0       ; 0         ; 0    ; 0            ; 0          ; |TopLevel|DUT:dut_instance|MULTIPLIER:add_instance|ADDER_SUBTRACTOR:FB1|FULL_ADDER:FA2                                                                                                                                                                                                                                                               ; FULL_ADDER                        ; work         ;
;                |NAND_2:NAND9|                                                                                                           ; 2 (2)               ; 0 (0)                     ; 0           ; 0          ; 0            ; 0       ; 0         ; 0    ; 0            ; 0          ; |TopLevel|DUT:dut_instance|MULTIPLIER:add_instance|ADDER_SUBTRACTOR:FB1|FULL_ADDER:FA2|NAND_2:NAND9                                                                                                                                                                                                                                                  ; NAND_2                            ; work         ;
;             |FULL_ADDER:FA3|                                                                                                            ; 2 (0)               ; 0 (0)                     ; 0           ; 0          ; 0            ; 0       ; 0         ; 0    ; 0            ; 0          ; |TopLevel|DUT:dut_instance|MULTIPLIER:add_instance|ADDER_SUBTRACTOR:FB1|FULL_ADDER:FA3                                                                                                                                                                                                                                                               ; FULL_ADDER                        ; work         ;
;                |NAND_2:NAND8|                                                                                                           ; 1 (1)               ; 0 (0)                     ; 0           ; 0          ; 0            ; 0       ; 0         ; 0    ; 0            ; 0          ; |TopLevel|DUT:dut_instance|MULTIPLIER:add_instance|ADDER_SUBTRACTOR:FB1|FULL_ADDER:FA3|NAND_2:NAND8                                                                                                                                                                                                                                                  ; NAND_2                            ; work         ;
;                |NAND_2:NAND9|                                                                                                           ; 1 (1)               ; 0 (0)                     ; 0           ; 0          ; 0            ; 0       ; 0         ; 0    ; 0            ; 0          ; |TopLevel|DUT:dut_instance|MULTIPLIER:add_instance|ADDER_SUBTRACTOR:FB1|FULL_ADDER:FA3|NAND_2:NAND9                                                                                                                                                                                                                                                  ; NAND_2                            ; work         ;
;             |FULL_ADDER:FA4|                                                                                                            ; 1 (0)               ; 0 (0)                     ; 0           ; 0          ; 0            ; 0       ; 0         ; 0    ; 0            ; 0          ; |TopLevel|DUT:dut_instance|MULTIPLIER:add_instance|ADDER_SUBTRACTOR:FB1|FULL_ADDER:FA4                                                                                                                                                                                                                                                               ; FULL_ADDER                        ; work         ;
;                |NAND_2:NAND5|                                                                                                           ; 1 (1)               ; 0 (0)                     ; 0           ; 0          ; 0            ; 0       ; 0         ; 0    ; 0            ; 0          ; |TopLevel|DUT:dut_instance|MULTIPLIER:add_instance|ADDER_SUBTRACTOR:FB1|FULL_ADDER:FA4|NAND_2:NAND5                                                                                                                                                                                                                                                  ; NAND_2                            ; work         ;
;          |ADDER_SUBTRACTOR:FB2|                                                                                                         ; 10 (0)              ; 0 (0)                     ; 0           ; 0          ; 0            ; 0       ; 0         ; 0    ; 0            ; 0          ; |TopLevel|DUT:dut_instance|MULTIPLIER:add_instance|ADDER_SUBTRACTOR:FB2                                                                                                                                                                                                                                                                              ; ADDER_SUBTRACTOR                  ; work         ;
;             |FULL_ADDER:FA1|                                                                                                            ; 3 (0)               ; 0 (0)                     ; 0           ; 0          ; 0            ; 0       ; 0         ; 0    ; 0            ; 0          ; |TopLevel|DUT:dut_instance|MULTIPLIER:add_instance|ADDER_SUBTRACTOR:FB2|FULL_ADDER:FA1                                                                                                                                                                                                                                                               ; FULL_ADDER                        ; work         ;
;                |NAND_2:NAND1|                                                                                                           ; 1 (1)               ; 0 (0)                     ; 0           ; 0          ; 0            ; 0       ; 0         ; 0    ; 0            ; 0          ; |TopLevel|DUT:dut_instance|MULTIPLIER:add_instance|ADDER_SUBTRACTOR:FB2|FULL_ADDER:FA1|NAND_2:NAND1                                                                                                                                                                                                                                                  ; NAND_2                            ; work         ;
;                |NAND_2:NAND4|                                                                                                           ; 2 (2)               ; 0 (0)                     ; 0           ; 0          ; 0            ; 0       ; 0         ; 0    ; 0            ; 0          ; |TopLevel|DUT:dut_instance|MULTIPLIER:add_instance|ADDER_SUBTRACTOR:FB2|FULL_ADDER:FA1|NAND_2:NAND4                                                                                                                                                                                                                                                  ; NAND_2                            ; work         ;
;             |FULL_ADDER:FA2|                                                                                                            ; 2 (0)               ; 0 (0)                     ; 0           ; 0          ; 0            ; 0       ; 0         ; 0    ; 0            ; 0          ; |TopLevel|DUT:dut_instance|MULTIPLIER:add_instance|ADDER_SUBTRACTOR:FB2|FULL_ADDER:FA2                                                                                                                                                                                                                                                               ; FULL_ADDER                        ; work         ;
;                |NAND_2:NAND4|                                                                                                           ; 1 (1)               ; 0 (0)                     ; 0           ; 0          ; 0            ; 0       ; 0         ; 0    ; 0            ; 0          ; |TopLevel|DUT:dut_instance|MULTIPLIER:add_instance|ADDER_SUBTRACTOR:FB2|FULL_ADDER:FA2|NAND_2:NAND4                                                                                                                                                                                                                                                  ; NAND_2                            ; work         ;
;                |NAND_2:NAND9|                                                                                                           ; 1 (1)               ; 0 (0)                     ; 0           ; 0          ; 0            ; 0       ; 0         ; 0    ; 0            ; 0          ; |TopLevel|DUT:dut_instance|MULTIPLIER:add_instance|ADDER_SUBTRACTOR:FB2|FULL_ADDER:FA2|NAND_2:NAND9                                                                                                                                                                                                                                                  ; NAND_2                            ; work         ;
;             |FULL_ADDER:FA3|                                                                                                            ; 3 (0)               ; 0 (0)                     ; 0           ; 0          ; 0            ; 0       ; 0         ; 0    ; 0            ; 0          ; |TopLevel|DUT:dut_instance|MULTIPLIER:add_instance|ADDER_SUBTRACTOR:FB2|FULL_ADDER:FA3                                                                                                                                                                                                                                                               ; FULL_ADDER                        ; work         ;
;                |NAND_2:NAND1|                                                                                                           ; 1 (1)               ; 0 (0)                     ; 0           ; 0          ; 0            ; 0       ; 0         ; 0    ; 0            ; 0          ; |TopLevel|DUT:dut_instance|MULTIPLIER:add_instance|ADDER_SUBTRACTOR:FB2|FULL_ADDER:FA3|NAND_2:NAND1                                                                                                                                                                                                                                                  ; NAND_2                            ; work         ;
;                |NAND_2:NAND5|                                                                                                           ; 1 (1)               ; 0 (0)                     ; 0           ; 0          ; 0            ; 0       ; 0         ; 0    ; 0            ; 0          ; |TopLevel|DUT:dut_instance|MULTIPLIER:add_instance|ADDER_SUBTRACTOR:FB2|FULL_ADDER:FA3|NAND_2:NAND5                                                                                                                                                                                                                                                  ; NAND_2                            ; work         ;
;                |NAND_2:NAND8|                                                                                                           ; 1 (1)               ; 0 (0)                     ; 0           ; 0          ; 0            ; 0       ; 0         ; 0    ; 0            ; 0          ; |TopLevel|DUT:dut_instance|MULTIPLIER:add_instance|ADDER_SUBTRACTOR:FB2|FULL_ADDER:FA3|NAND_2:NAND8                                                                                                                                                                                                                                                  ; NAND_2                            ; work         ;
;             |FULL_ADDER:FA4|                                                                                                            ; 2 (0)               ; 0 (0)                     ; 0           ; 0          ; 0            ; 0       ; 0         ; 0    ; 0            ; 0          ; |TopLevel|DUT:dut_instance|MULTIPLIER:add_instance|ADDER_SUBTRACTOR:FB2|FULL_ADDER:FA4                                                                                                                                                                                                                                                               ; FULL_ADDER                        ; work         ;
;                |NAND_2:NAND8|                                                                                                           ; 1 (1)               ; 0 (0)                     ; 0           ; 0          ; 0            ; 0       ; 0         ; 0    ; 0            ; 0          ; |TopLevel|DUT:dut_instance|MULTIPLIER:add_instance|ADDER_SUBTRACTOR:FB2|FULL_ADDER:FA4|NAND_2:NAND8                                                                                                                                                                                                                                                  ; NAND_2                            ; work         ;
;                |NAND_2:NAND9|                                                                                                           ; 1 (1)               ; 0 (0)                     ; 0           ; 0          ; 0            ; 0       ; 0         ; 0    ; 0            ; 0          ; |TopLevel|DUT:dut_instance|MULTIPLIER:add_instance|ADDER_SUBTRACTOR:FB2|FULL_ADDER:FA4|NAND_2:NAND9                                                                                                                                                                                                                                                  ; NAND_2                            ; work         ;
;          |AND_2:AND10|                                                                                                                  ; 1 (1)               ; 0 (0)                     ; 0           ; 0          ; 0            ; 0       ; 0         ; 0    ; 0            ; 0          ; |TopLevel|DUT:dut_instance|MULTIPLIER:add_instance|AND_2:AND10                                                                                                                                                                                                                                                                                       ; AND_2                             ; work         ;
;          |AND_2:AND11|                                                                                                                  ; 1 (1)               ; 0 (0)                     ; 0           ; 0          ; 0            ; 0       ; 0         ; 0    ; 0            ; 0          ; |TopLevel|DUT:dut_instance|MULTIPLIER:add_instance|AND_2:AND11                                                                                                                                                                                                                                                                                       ; AND_2                             ; work         ;
;          |AND_2:AND12|                                                                                                                  ; 1 (1)               ; 0 (0)                     ; 0           ; 0          ; 0            ; 0       ; 0         ; 0    ; 0            ; 0          ; |TopLevel|DUT:dut_instance|MULTIPLIER:add_instance|AND_2:AND12                                                                                                                                                                                                                                                                                       ; AND_2                             ; work         ;
;          |AND_2:AND4|                                                                                                                   ; 1 (1)               ; 0 (0)                     ; 0           ; 0          ; 0            ; 0       ; 0         ; 0    ; 0            ; 0          ; |TopLevel|DUT:dut_instance|MULTIPLIER:add_instance|AND_2:AND4                                                                                                                                                                                                                                                                                        ; AND_2                             ; work         ;
;          |AND_2:AND7|                                                                                                                   ; 1 (1)               ; 0 (0)                     ; 0           ; 0          ; 0            ; 0       ; 0         ; 0    ; 0            ; 0          ; |TopLevel|DUT:dut_instance|MULTIPLIER:add_instance|AND_2:AND7                                                                                                                                                                                                                                                                                        ; AND_2                             ; work         ;
;          |AND_2:AND9|                                                                                                                   ; 1 (1)               ; 0 (0)                     ; 0           ; 0          ; 0            ; 0       ; 0         ; 0    ; 0            ; 0          ; |TopLevel|DUT:dut_instance|MULTIPLIER:add_instance|AND_2:AND9                                                                                                                                                                                                                                                                                        ; AND_2                             ; work         ;
;    |sld_hub:auto_hub|                                                                                                                   ; 126 (1)             ; 75 (0)                    ; 0           ; 0          ; 0            ; 0       ; 0         ; 0    ; 0            ; 0          ; |TopLevel|sld_hub:auto_hub                                                                                                                                                                                                                                                                                                                           ; sld_hub                           ; altera_sld   ;
;       |alt_sld_fab_with_jtag_input:\instrumentation_fabric_with_node_gen:fabric_gen_new_way:with_jtag_input_gen:instrumentation_fabric| ; 125 (0)             ; 75 (0)                    ; 0           ; 0          ; 0            ; 0       ; 0         ; 0    ; 0            ; 0          ; |TopLevel|sld_hub:auto_hub|alt_sld_fab_with_jtag_input:\instrumentation_fabric_with_node_gen:fabric_gen_new_way:with_jtag_input_gen:instrumentation_fabric                                                                                                                                                                                           ; alt_sld_fab_with_jtag_input       ; altera_sld   ;
;          |alt_sld_fab:instrumentation_fabric|                                                                                           ; 125 (0)             ; 75 (0)                    ; 0           ; 0          ; 0            ; 0       ; 0         ; 0    ; 0            ; 0          ; |TopLevel|sld_hub:auto_hub|alt_sld_fab_with_jtag_input:\instrumentation_fabric_with_node_gen:fabric_gen_new_way:with_jtag_input_gen:instrumentation_fabric|alt_sld_fab:instrumentation_fabric                                                                                                                                                        ; alt_sld_fab                       ; alt_sld_fab  ;
;             |alt_sld_fab_alt_sld_fab:alt_sld_fab|                                                                                       ; 125 (1)             ; 75 (5)                    ; 0           ; 0          ; 0            ; 0       ; 0         ; 0    ; 0            ; 0          ; |TopLevel|sld_hub:auto_hub|alt_sld_fab_with_jtag_input:\instrumentation_fabric_with_node_gen:fabric_gen_new_way:with_jtag_input_gen:instrumentation_fabric|alt_sld_fab:instrumentation_fabric|alt_sld_fab_alt_sld_fab:alt_sld_fab                                                                                                                    ; alt_sld_fab_alt_sld_fab           ; alt_sld_fab  ;
;                |alt_sld_fab_alt_sld_fab_sldfabric:sldfabric|                                                                            ; 124 (0)             ; 70 (0)                    ; 0           ; 0          ; 0            ; 0       ; 0         ; 0    ; 0            ; 0          ; |TopLevel|sld_hub:auto_hub|alt_sld_fab_with_jtag_input:\instrumentation_fabric_with_node_gen:fabric_gen_new_way:with_jtag_input_gen:instrumentation_fabric|alt_sld_fab:instrumentation_fabric|alt_sld_fab_alt_sld_fab:alt_sld_fab|alt_sld_fab_alt_sld_fab_sldfabric:sldfabric                                                                        ; alt_sld_fab_alt_sld_fab_sldfabric ; alt_sld_fab  ;
;                   |sld_jtag_hub:\jtag_hub_gen:real_sld_jtag_hub|                                                                        ; 124 (87)            ; 70 (42)                   ; 0           ; 0          ; 0            ; 0       ; 0         ; 0    ; 0            ; 0          ; |TopLevel|sld_hub:auto_hub|alt_sld_fab_with_jtag_input:\instrumentation_fabric_with_node_gen:fabric_gen_new_way:with_jtag_input_gen:instrumentation_fabric|alt_sld_fab:instrumentation_fabric|alt_sld_fab_alt_sld_fab:alt_sld_fab|alt_sld_fab_alt_sld_fab_sldfabric:sldfabric|sld_jtag_hub:\jtag_hub_gen:real_sld_jtag_hub                           ; sld_jtag_hub                      ; work         ;
;                      |sld_rom_sr:hub_info_reg|                                                                                          ; 19 (19)             ; 9 (9)                     ; 0           ; 0          ; 0            ; 0       ; 0         ; 0    ; 0            ; 0          ; |TopLevel|sld_hub:auto_hub|alt_sld_fab_with_jtag_input:\instrumentation_fabric_with_node_gen:fabric_gen_new_way:with_jtag_input_gen:instrumentation_fabric|alt_sld_fab:instrumentation_fabric|alt_sld_fab_alt_sld_fab:alt_sld_fab|alt_sld_fab_alt_sld_fab_sldfabric:sldfabric|sld_jtag_hub:\jtag_hub_gen:real_sld_jtag_hub|sld_rom_sr:hub_info_reg   ; sld_rom_sr                        ; work         ;
;                      |sld_shadow_jsm:shadow_jsm|                                                                                        ; 18 (18)             ; 19 (19)                   ; 0           ; 0          ; 0            ; 0       ; 0         ; 0    ; 0            ; 0          ; |TopLevel|sld_hub:auto_hub|alt_sld_fab_with_jtag_input:\instrumentation_fabric_with_node_gen:fabric_gen_new_way:with_jtag_input_gen:instrumentation_fabric|alt_sld_fab:instrumentation_fabric|alt_sld_fab_alt_sld_fab:alt_sld_fab|alt_sld_fab_alt_sld_fab_sldfabric:sldfabric|sld_jtag_hub:\jtag_hub_gen:real_sld_jtag_hub|sld_shadow_jsm:shadow_jsm ; sld_shadow_jsm                    ; altera_sld   ;
;    |v_jtag:u0|                                                                                                                          ; 3 (0)               ; 0 (0)                     ; 0           ; 0          ; 0            ; 0       ; 0         ; 0    ; 0            ; 0          ; |TopLevel|v_jtag:u0                                                                                                                                                                                                                                                                                                                                  ; v_jtag                            ; v_jtag       ;
;       |sld_virtual_jtag:virtual_jtag_0|                                                                                                 ; 3 (0)               ; 0 (0)                     ; 0           ; 0          ; 0            ; 0       ; 0         ; 0    ; 0            ; 0          ; |TopLevel|v_jtag:u0|sld_virtual_jtag:virtual_jtag_0                                                                                                                                                                                                                                                                                                  ; sld_virtual_jtag                  ; work         ;
;          |sld_virtual_jtag_basic:sld_virtual_jtag_basic_inst|                                                                           ; 3 (3)               ; 0 (0)                     ; 0           ; 0          ; 0            ; 0       ; 0         ; 0    ; 0            ; 0          ; |TopLevel|v_jtag:u0|sld_virtual_jtag:virtual_jtag_0|sld_virtual_jtag_basic:sld_virtual_jtag_basic_inst                                                                                                                                                                                                                                               ; sld_virtual_jtag_basic            ; work         ;
+-----------------------------------------------------------------------------------------------------------------------------------------+---------------------+---------------------------+-------------+------------+--------------+---------+-----------+------+--------------+------------+------------------------------------------------------------------------------------------------------------------------------------------------------------------------------------------------------------------------------------------------------------------------------------------------------------------------------------------------------+-----------------------------------+--------------+
Note: For table entries with two numbers listed, the numbers in parentheses indicate the number of resources of the given type used by the specific entity alone. The numbers listed outside of parentheses indicate the total resources of the given type used by the specific entity and all of its sub-entities in the hierarchy.


+-----------------------------------------------------------------------------------------------------------------------------------------------------------------------------------------------------------------------------------------------------------------------------------------------------------------------------------------------------------------+
; Analysis & Synthesis IP Cores Summary                                                                                                                                                                                                                                                                                                                           ;
+--------+--------------+---------+--------------+--------------+-------------------------------------------------------------------------------------------------------------------------------------------------------------------------------------------------------------------------------------------------------------------------------+-----------------+
; Vendor ; IP Core Name ; Version ; Release Date ; License Type ; Entity Instance                                                                                                                                                                                                                                                               ; IP Include File ;
+--------+--------------+---------+--------------+--------------+-------------------------------------------------------------------------------------------------------------------------------------------------------------------------------------------------------------------------------------------------------------------------------+-----------------+
; Altera ; Signal Tap   ; N/A     ; N/A          ; Licensed     ; |TopLevel|sld_hub:auto_hub|alt_sld_fab_with_jtag_input:\instrumentation_fabric_with_node_gen:fabric_gen_new_way:with_jtag_input_gen:instrumentation_fabric|alt_sld_fab:instrumentation_fabric                                                                                 ;                 ;
; Altera ; Signal Tap   ; N/A     ; N/A          ; Licensed     ; |TopLevel|sld_hub:auto_hub|alt_sld_fab_with_jtag_input:\instrumentation_fabric_with_node_gen:fabric_gen_new_way:with_jtag_input_gen:instrumentation_fabric|alt_sld_fab:instrumentation_fabric|alt_sld_fab_alt_sld_fab:alt_sld_fab                                             ;                 ;
; Altera ; Signal Tap   ; N/A     ; N/A          ; Licensed     ; |TopLevel|sld_hub:auto_hub|alt_sld_fab_with_jtag_input:\instrumentation_fabric_with_node_gen:fabric_gen_new_way:with_jtag_input_gen:instrumentation_fabric|alt_sld_fab:instrumentation_fabric|alt_sld_fab_alt_sld_fab:alt_sld_fab|alt_sld_fab_alt_sld_fab_presplit:presplit   ;                 ;
; Altera ; Signal Tap   ; N/A     ; N/A          ; Licensed     ; |TopLevel|sld_hub:auto_hub|alt_sld_fab_with_jtag_input:\instrumentation_fabric_with_node_gen:fabric_gen_new_way:with_jtag_input_gen:instrumentation_fabric|alt_sld_fab:instrumentation_fabric|alt_sld_fab_alt_sld_fab:alt_sld_fab|alt_sld_fab_alt_sld_fab_sldfabric:sldfabric ;                 ;
; Altera ; Signal Tap   ; N/A     ; N/A          ; Licensed     ; |TopLevel|sld_hub:auto_hub|alt_sld_fab_with_jtag_input:\instrumentation_fabric_with_node_gen:fabric_gen_new_way:with_jtag_input_gen:instrumentation_fabric|alt_sld_fab:instrumentation_fabric|alt_sld_fab_alt_sld_fab:alt_sld_fab|alt_sld_fab_alt_sld_fab_splitter:splitter   ;                 ;
; N/A    ; Qsys         ; 20.1    ; N/A          ; N/A          ; |TopLevel|v_jtag:u0                                                                                                                                                                                                                                                           ; v_jtag.qsys     ;
+--------+--------------+---------+--------------+--------------+-------------------------------------------------------------------------------------------------------------------------------------------------------------------------------------------------------------------------------------------------------------------------------+-----------------+


+------------------------------------------------------+
; General Register Statistics                          ;
+----------------------------------------------+-------+
; Statistic                                    ; Value ;
+----------------------------------------------+-------+
; Total registers                              ; 97    ;
; Number of registers using Synchronous Clear  ; 12    ;
; Number of registers using Synchronous Load   ; 9     ;
; Number of registers using Asynchronous Clear ; 22    ;
; Number of registers using Asynchronous Load  ; 0     ;
; Number of registers using Clock Enable       ; 65    ;
; Number of registers using Preset             ; 0     ;
+----------------------------------------------+-------+


+-------------------------------------------------------------------------------------------------------------------------------------------------------------------------------------------------------------------------------------------------------------------------------------------------------------------------------------------+
; Inverted Register Statistics                                                                                                                                                                                                                                                                                                              ;
+---------------------------------------------------------------------------------------------------------------------------------------------------------------------------------------------------------------------------------------------------------------------------------------------------------------------------------+---------+
; Inverted Register                                                                                                                                                                                                                                                                                                               ; Fan out ;
+---------------------------------------------------------------------------------------------------------------------------------------------------------------------------------------------------------------------------------------------------------------------------------------------------------------------------------+---------+
; sld_hub:auto_hub|alt_sld_fab_with_jtag_input:\instrumentation_fabric_with_node_gen:fabric_gen_new_way:with_jtag_input_gen:instrumentation_fabric|alt_sld_fab:instrumentation_fabric|alt_sld_fab_alt_sld_fab:alt_sld_fab|alt_sld_fab_alt_sld_fab_sldfabric:sldfabric|sld_jtag_hub:\jtag_hub_gen:real_sld_jtag_hub|jtag_ir_reg[2] ; 2       ;
; sld_hub:auto_hub|alt_sld_fab_with_jtag_input:\instrumentation_fabric_with_node_gen:fabric_gen_new_way:with_jtag_input_gen:instrumentation_fabric|alt_sld_fab:instrumentation_fabric|alt_sld_fab_alt_sld_fab:alt_sld_fab|alt_sld_fab_alt_sld_fab_sldfabric:sldfabric|sld_jtag_hub:\jtag_hub_gen:real_sld_jtag_hub|jtag_ir_reg[1] ; 3       ;
; Total number of inverted registers = 2                                                                                                                                                                                                                                                                                          ;         ;
+---------------------------------------------------------------------------------------------------------------------------------------------------------------------------------------------------------------------------------------------------------------------------------------------------------------------------------+---------+


+------------------------------------------------------------------------------------------------------------------------------------------+
; Multiplexer Restructuring Statistics (Restructuring Performed)                                                                           ;
+--------------------+-----------+---------------+----------------------+------------------------+------------+----------------------------+
; Multiplexer Inputs ; Bus Width ; Baseline Area ; Area if Restructured ; Saving if Restructured ; Registered ; Example Multiplexer Output ;
+--------------------+-----------+---------------+----------------------+------------------------+------------+----------------------------+
; 3:1                ; 6 bits    ; 12 LEs        ; 6 LEs                ; 6 LEs                  ; Yes        ; |TopLevel|datau[0]         ;
+--------------------+-----------+---------------+----------------------+------------------------+------------+----------------------------+


+----------------------------------------------------------------------------------------+
; Parameter Settings for User Entity Instance: v_jtag:u0|sld_virtual_jtag:virtual_jtag_0 ;
+-------------------------+------------------+-------------------------------------------+
; Parameter Name          ; Value            ; Type                                      ;
+-------------------------+------------------+-------------------------------------------+
; sld_auto_instance_index ; YES              ; String                                    ;
; sld_instance_index      ; 0                ; Signed Integer                            ;
; sld_ir_width            ; 1                ; Signed Integer                            ;
; sld_sim_n_scan          ; 0                ; Signed Integer                            ;
; sld_sim_action          ; UNUSED           ; String                                    ;
; sld_sim_total_length    ; 0                ; Signed Integer                            ;
; lpm_type                ; sld_virtual_jtag ; String                                    ;
; lpm_hint                ; UNUSED           ; String                                    ;
+-------------------------+------------------+-------------------------------------------+
Note: In order to hide this table in the UI and the text report file, please set the "Show Parameter Settings in Synthesis Report" option in "Analysis and Synthesis Settings -> More Settings" to "Off".


+-------------------------------------------------------------------------------------------+
; Port Connectivity Checks: "DUT:dut_instance|MULTIPLIER:add_instance|ADDER_SUBTRACTOR:FB2" ;
+------+-------+----------+-----------------------------------------------------------------+
; Port ; Type  ; Severity ; Details                                                         ;
+------+-------+----------+-----------------------------------------------------------------+
; m    ; Input ; Info     ; Stuck at GND                                                    ;
+------+-------+----------+-----------------------------------------------------------------+


+-------------------------------------------------------------------------------------------+
; Port Connectivity Checks: "DUT:dut_instance|MULTIPLIER:add_instance|ADDER_SUBTRACTOR:FB1" ;
+------+-------+----------+-----------------------------------------------------------------+
; Port ; Type  ; Severity ; Details                                                         ;
+------+-------+----------+-----------------------------------------------------------------+
; a3   ; Input ; Info     ; Stuck at GND                                                    ;
; m    ; Input ; Info     ; Stuck at GND                                                    ;
+------+-------+----------+-----------------------------------------------------------------+


+-------------------------------------------------------------------------------------------------------------------------------------------+
; Port Connectivity Checks: "v_jtag:u0"                                                                                                     ;
+---------------------------------+--------+----------+-------------------------------------------------------------------------------------+
; Port                            ; Type   ; Severity ; Details                                                                             ;
+---------------------------------+--------+----------+-------------------------------------------------------------------------------------+
; virtual_jtag_ir_in              ; Output ; Info     ; Connected to dangling logic. Logic that only feeds a dangling port will be removed. ;
; virtual_jtag_virtual_state_e1dr ; Output ; Info     ; Connected to dangling logic. Logic that only feeds a dangling port will be removed. ;
; virtual_jtag_virtual_state_pdr  ; Output ; Info     ; Connected to dangling logic. Logic that only feeds a dangling port will be removed. ;
; virtual_jtag_virtual_state_e2dr ; Output ; Info     ; Connected to dangling logic. Logic that only feeds a dangling port will be removed. ;
; virtual_jtag_virtual_state_cir  ; Output ; Info     ; Connected to dangling logic. Logic that only feeds a dangling port will be removed. ;
; virtual_jtag_virtual_state_uir  ; Output ; Info     ; Connected to dangling logic. Logic that only feeds a dangling port will be removed. ;
; virtual_jtag_tms                ; Output ; Info     ; Connected to dangling logic. Logic that only feeds a dangling port will be removed. ;
; virtual_jtag_jtag_state_tlr     ; Output ; Info     ; Connected to dangling logic. Logic that only feeds a dangling port will be removed. ;
; virtual_jtag_jtag_state_rti     ; Output ; Info     ; Connected to dangling logic. Logic that only feeds a dangling port will be removed. ;
; virtual_jtag_jtag_state_sdrs    ; Output ; Info     ; Connected to dangling logic. Logic that only feeds a dangling port will be removed. ;
; virtual_jtag_jtag_state_cdr     ; Output ; Info     ; Connected to dangling logic. Logic that only feeds a dangling port will be removed. ;
; virtual_jtag_jtag_state_sdr     ; Output ; Info     ; Connected to dangling logic. Logic that only feeds a dangling port will be removed. ;
; virtual_jtag_jtag_state_pdr     ; Output ; Info     ; Connected to dangling logic. Logic that only feeds a dangling port will be removed. ;
; virtual_jtag_jtag_state_e2dr    ; Output ; Info     ; Connected to dangling logic. Logic that only feeds a dangling port will be removed. ;
; virtual_jtag_jtag_state_udr     ; Output ; Info     ; Connected to dangling logic. Logic that only feeds a dangling port will be removed. ;
; virtual_jtag_jtag_state_sirs    ; Output ; Info     ; Connected to dangling logic. Logic that only feeds a dangling port will be removed. ;
; virtual_jtag_jtag_state_cir     ; Output ; Info     ; Connected to dangling logic. Logic that only feeds a dangling port will be removed. ;
; virtual_jtag_jtag_state_sir     ; Output ; Info     ; Connected to dangling logic. Logic that only feeds a dangling port will be removed. ;
; virtual_jtag_jtag_state_e1ir    ; Output ; Info     ; Connected to dangling logic. Logic that only feeds a dangling port will be removed. ;
; virtual_jtag_jtag_state_pir     ; Output ; Info     ; Connected to dangling logic. Logic that only feeds a dangling port will be removed. ;
; virtual_jtag_jtag_state_e2ir    ; Output ; Info     ; Connected to dangling logic. Logic that only feeds a dangling port will be removed. ;
; virtual_jtag_jtag_state_uir     ; Output ; Info     ; Connected to dangling logic. Logic that only feeds a dangling port will be removed. ;
+---------------------------------+--------+----------+-------------------------------------------------------------------------------------+


+-------------------------------------------------------------------------------------------------------------------------------------------------------------+
; Virtual JTAG Settings                                                                                                                                       ;
+----------------+------------+------------------+----------+---------+-----------------+-------------------------+-------------------------------------------+
; Instance Index ; Auto Index ; Index Reassigned ; IR Width ; Address ; USER1 DR length ; VIR capture instruction ; Hierarchy Location                        ;
+----------------+------------+------------------+----------+---------+-----------------+-------------------------+-------------------------------------------+
; 0              ; YES        ; N/A              ; 1        ; 0x10    ; 5               ; 0x0B                    ; v_jtag:u0|sld_virtual_jtag:virtual_jtag_0 ;
+----------------+------------+------------------+----------+---------+-----------------+-------------------------+-------------------------------------------+


+-----------------------------------------------------+
; Post-Synthesis Netlist Statistics for Top Partition ;
+-----------------------+-----------------------------+
; Type                  ; Count                       ;
+-----------------------+-----------------------------+
; boundary_port         ; 30                          ;
; cycloneiii_ff         ; 22                          ;
;     ENA               ; 20                          ;
;     plain             ; 2                           ;
; cycloneiii_lcell_comb ; 39                          ;
;     normal            ; 39                          ;
;         0 data inputs ; 1                           ;
;         2 data inputs ; 7                           ;
;         3 data inputs ; 12                          ;
;         4 data inputs ; 19                          ;
;                       ;                             ;
; Max LUT depth         ; 6.00                        ;
; Average LUT depth     ; 3.29                        ;
+-----------------------+-----------------------------+


+-------------------------------+
; Elapsed Time Per Partition    ;
+----------------+--------------+
; Partition Name ; Elapsed Time ;
+----------------+--------------+
; Top            ; 00:00:00     ;
+----------------+--------------+


+-------------------------------+
; Analysis & Synthesis Messages ;
+-------------------------------+
Info: *******************************************************************
Info: Running Quartus Prime Analysis & Synthesis
    Info: Version 20.1.1 Build 720 11/11/2020 SJ Lite Edition
    Info: Processing started: Thu Sep 01 16:34:16 2022
Info: Command: quartus_map --read_settings_files=on --write_settings_files=off MULTIPLIER -c DUT
Warning (18236): Number of processors has not been specified which may cause overloading on shared machines.  Set the global assignment NUM_PARALLEL_PROCESSORS in your QSF to an appropriate value for best performance.
Info (20030): Parallel compilation is enabled and will use 4 of the 4 processors detected
Info (12021): Found 2 design units, including 1 entities, in source file xor.vhd
    Info (12022): Found design unit 1: XOR_GATE-Struct File: E:/EE214/lab/prob01/XOR.vhd Line: 10
    Info (12023): Found entity 1: XOR_GATE File: E:/EE214/lab/prob01/XOR.vhd Line: 6
Info (12021): Found 2 design units, including 1 entities, in source file adder_subtractor.vhd
    Info (12022): Found design unit 1: ADDER_SUBTRACTOR-Struct File: E:/EE214/lab/prob01/ADDER_SUBTRACTOR.vhd Line: 10
    Info (12023): Found entity 1: ADDER_SUBTRACTOR File: E:/EE214/lab/prob01/ADDER_SUBTRACTOR.vhd Line: 6
Info (12021): Found 2 design units, including 1 entities, in source file v_jtag/synthesis/v_jtag.vhd
    Info (12022): Found design unit 1: v_jtag-rtl File: E:/EE214/lab/prob01/v_jtag/synthesis/v_jtag.vhd Line: 44
    Info (12023): Found entity 1: v_jtag File: E:/EE214/lab/prob01/v_jtag/synthesis/v_jtag.vhd Line: 9
Info (12021): Found 2 design units, including 1 entities, in source file toplevel.vhdl
    Info (12022): Found design unit 1: TopLevel-Struct File: E:/EE214/lab/prob01/TopLevel.vhdl Line: 13
    Info (12023): Found entity 1: TopLevel File: E:/EE214/lab/prob01/TopLevel.vhdl Line: 5
Info (12021): Found 2 design units, including 1 entities, in source file full_adder.vhdl
    Info (12022): Found design unit 1: FULL_ADDER-Struct File: E:/EE214/lab/prob01/FULL_ADDER.vhdl Line: 10
    Info (12023): Found entity 1: FULL_ADDER File: E:/EE214/lab/prob01/FULL_ADDER.vhdl Line: 6
Info (12021): Found 2 design units, including 1 entities, in source file testbench.vhdl
    Info (12022): Found design unit 1: Testbench-Behave File: E:/EE214/lab/prob01/Testbench.vhdl Line: 9
    Info (12023): Found entity 1: Testbench File: E:/EE214/lab/prob01/Testbench.vhdl Line: 7
Info (12021): Found 17 design units, including 8 entities, in source file gates.vhdl
    Info (12022): Found design unit 1: Gates File: E:/EE214/lab/prob01/Gates.vhdl Line: 7
    Info (12022): Found design unit 2: INVERTER-Equations File: E:/EE214/lab/prob01/Gates.vhdl Line: 49
    Info (12022): Found design unit 3: AND_2-Equations File: E:/EE214/lab/prob01/Gates.vhdl Line: 61
    Info (12022): Found design unit 4: NAND_2-Equations File: E:/EE214/lab/prob01/Gates.vhdl Line: 72
    Info (12022): Found design unit 5: OR_2-Equations File: E:/EE214/lab/prob01/Gates.vhdl Line: 83
    Info (12022): Found design unit 6: NOR_2-Equations File: E:/EE214/lab/prob01/Gates.vhdl Line: 94
    Info (12022): Found design unit 7: XOR_2-Equations File: E:/EE214/lab/prob01/Gates.vhdl Line: 106
    Info (12022): Found design unit 8: XNOR_2-Equations File: E:/EE214/lab/prob01/Gates.vhdl Line: 117
    Info (12022): Found design unit 9: HALF_ADDER-Equations File: E:/EE214/lab/prob01/Gates.vhdl Line: 128
    Info (12023): Found entity 1: INVERTER File: E:/EE214/lab/prob01/Gates.vhdl Line: 45
    Info (12023): Found entity 2: AND_2 File: E:/EE214/lab/prob01/Gates.vhdl Line: 57
    Info (12023): Found entity 3: NAND_2 File: E:/EE214/lab/prob01/Gates.vhdl Line: 68
    Info (12023): Found entity 4: OR_2 File: E:/EE214/lab/prob01/Gates.vhdl Line: 79
    Info (12023): Found entity 5: NOR_2 File: E:/EE214/lab/prob01/Gates.vhdl Line: 90
    Info (12023): Found entity 6: XOR_2 File: E:/EE214/lab/prob01/Gates.vhdl Line: 102
    Info (12023): Found entity 7: XNOR_2 File: E:/EE214/lab/prob01/Gates.vhdl Line: 113
    Info (12023): Found entity 8: HALF_ADDER File: E:/EE214/lab/prob01/Gates.vhdl Line: 124
Info (12021): Found 2 design units, including 1 entities, in source file dut.vhdl
    Info (12022): Found design unit 1: DUT-DutWrap File: E:/EE214/lab/prob01/DUT.vhdl Line: 12
    Info (12023): Found entity 1: DUT File: E:/EE214/lab/prob01/DUT.vhdl Line: 7
Info (12021): Found 2 design units, including 1 entities, in source file multiplier.vhd
    Info (12022): Found design unit 1: MULTIPLIER-Struct File: E:/EE214/lab/prob01/MULTIPLIER.vhd Line: 10
    Info (12023): Found entity 1: MULTIPLIER File: E:/EE214/lab/prob01/MULTIPLIER.vhd Line: 6
Info (12127): Elaborating entity "TopLevel" for the top level hierarchy
Warning (10036): Verilog HDL or VHDL warning at TopLevel.vhdl(71): object "e1dr" assigned a value but never read File: E:/EE214/lab/prob01/TopLevel.vhdl Line: 71
Warning (10036): Verilog HDL or VHDL warning at TopLevel.vhdl(71): object "e2dr" assigned a value but never read File: E:/EE214/lab/prob01/TopLevel.vhdl Line: 71
Warning (10036): Verilog HDL or VHDL warning at TopLevel.vhdl(71): object "tms" assigned a value but never read File: E:/EE214/lab/prob01/TopLevel.vhdl Line: 71
Warning (10036): Verilog HDL or VHDL warning at TopLevel.vhdl(71): object "jsir" assigned a value but never read File: E:/EE214/lab/prob01/TopLevel.vhdl Line: 71
Warning (10492): VHDL Process Statement warning at TopLevel.vhdl(80): signal "udr" is read inside the Process Statement but isn't in the Process Statement's sensitivity list File: E:/EE214/lab/prob01/TopLevel.vhdl Line: 80
Warning (10492): VHDL Process Statement warning at TopLevel.vhdl(89): signal "sdr" is read inside the Process Statement but isn't in the Process Statement's sensitivity list File: E:/EE214/lab/prob01/TopLevel.vhdl Line: 89
Warning (10492): VHDL Process Statement warning at TopLevel.vhdl(89): signal "udr" is read inside the Process Statement but isn't in the Process Statement's sensitivity list File: E:/EE214/lab/prob01/TopLevel.vhdl Line: 89
Warning (10492): VHDL Process Statement warning at TopLevel.vhdl(89): signal "io" is read inside the Process Statement but isn't in the Process Statement's sensitivity list File: E:/EE214/lab/prob01/TopLevel.vhdl Line: 89
Warning (10037): Verilog HDL or VHDL warning at TopLevel.vhdl(90): conditional expression evaluates to a constant File: E:/EE214/lab/prob01/TopLevel.vhdl Line: 90
Warning (10492): VHDL Process Statement warning at TopLevel.vhdl(97): signal "sdr" is read inside the Process Statement but isn't in the Process Statement's sensitivity list File: E:/EE214/lab/prob01/TopLevel.vhdl Line: 97
Warning (10492): VHDL Process Statement warning at TopLevel.vhdl(97): signal "udr" is read inside the Process Statement but isn't in the Process Statement's sensitivity list File: E:/EE214/lab/prob01/TopLevel.vhdl Line: 97
Warning (10492): VHDL Process Statement warning at TopLevel.vhdl(97): signal "io" is read inside the Process Statement but isn't in the Process Statement's sensitivity list File: E:/EE214/lab/prob01/TopLevel.vhdl Line: 97
Warning (10037): Verilog HDL or VHDL warning at TopLevel.vhdl(98): conditional expression evaluates to a constant File: E:/EE214/lab/prob01/TopLevel.vhdl Line: 98
Warning (10492): VHDL Process Statement warning at TopLevel.vhdl(105): signal "udr" is read inside the Process Statement but isn't in the Process Statement's sensitivity list File: E:/EE214/lab/prob01/TopLevel.vhdl Line: 105
Warning (10492): VHDL Process Statement warning at TopLevel.vhdl(105): signal "sdr" is read inside the Process Statement but isn't in the Process Statement's sensitivity list File: E:/EE214/lab/prob01/TopLevel.vhdl Line: 105
Warning (10492): VHDL Process Statement warning at TopLevel.vhdl(105): signal "io" is read inside the Process Statement but isn't in the Process Statement's sensitivity list File: E:/EE214/lab/prob01/TopLevel.vhdl Line: 105
Warning (10492): VHDL Process Statement warning at TopLevel.vhdl(109): signal "cdr" is read inside the Process Statement but isn't in the Process Statement's sensitivity list File: E:/EE214/lab/prob01/TopLevel.vhdl Line: 109
Warning (10492): VHDL Process Statement warning at TopLevel.vhdl(109): signal "sdr" is read inside the Process Statement but isn't in the Process Statement's sensitivity list File: E:/EE214/lab/prob01/TopLevel.vhdl Line: 109
Warning (10492): VHDL Process Statement warning at TopLevel.vhdl(109): signal "io" is read inside the Process Statement but isn't in the Process Statement's sensitivity list File: E:/EE214/lab/prob01/TopLevel.vhdl Line: 109
Info (12128): Elaborating entity "v_jtag" for hierarchy "v_jtag:u0" File: E:/EE214/lab/prob01/TopLevel.vhdl Line: 116
Info (12128): Elaborating entity "sld_virtual_jtag" for hierarchy "v_jtag:u0|sld_virtual_jtag:virtual_jtag_0" File: E:/EE214/lab/prob01/v_jtag/synthesis/v_jtag.vhd Line: 87
Info (12130): Elaborated megafunction instantiation "v_jtag:u0|sld_virtual_jtag:virtual_jtag_0" File: E:/EE214/lab/prob01/v_jtag/synthesis/v_jtag.vhd Line: 87
Info (12133): Instantiated megafunction "v_jtag:u0|sld_virtual_jtag:virtual_jtag_0" with the following parameter: File: E:/EE214/lab/prob01/v_jtag/synthesis/v_jtag.vhd Line: 87
    Info (12134): Parameter "sld_auto_instance_index" = "YES"
    Info (12134): Parameter "sld_instance_index" = "0"
    Info (12134): Parameter "sld_ir_width" = "1"
Info (12128): Elaborating entity "sld_virtual_jtag_basic" for hierarchy "v_jtag:u0|sld_virtual_jtag:virtual_jtag_0|sld_virtual_jtag_basic:sld_virtual_jtag_basic_inst" File: c:/intelfpga_lite/20.1/quartus/libraries/megafunctions/sld_virtual_jtag.v Line: 152
Info (12131): Elaborated megafunction instantiation "v_jtag:u0|sld_virtual_jtag:virtual_jtag_0|sld_virtual_jtag_basic:sld_virtual_jtag_basic_inst", which is child of megafunction instantiation "v_jtag:u0|sld_virtual_jtag:virtual_jtag_0" File: c:/intelfpga_lite/20.1/quartus/libraries/megafunctions/sld_virtual_jtag.v Line: 152
Info (12128): Elaborating entity "sld_virtual_jtag_impl" for hierarchy "v_jtag:u0|sld_virtual_jtag:virtual_jtag_0|sld_virtual_jtag_basic:sld_virtual_jtag_basic_inst|sld_virtual_jtag_impl:sld_virtual_jtag_impl_inst" File: c:/intelfpga_lite/20.1/quartus/libraries/megafunctions/sld_virtual_jtag_basic.v Line: 152
Info (12131): Elaborated megafunction instantiation "v_jtag:u0|sld_virtual_jtag:virtual_jtag_0|sld_virtual_jtag_basic:sld_virtual_jtag_basic_inst|sld_virtual_jtag_impl:sld_virtual_jtag_impl_inst", which is child of megafunction instantiation "v_jtag:u0|sld_virtual_jtag:virtual_jtag_0" File: c:/intelfpga_lite/20.1/quartus/libraries/megafunctions/sld_virtual_jtag_basic.v Line: 152
Info (12128): Elaborating entity "sld_jtag_endpoint_adapter" for hierarchy "v_jtag:u0|sld_virtual_jtag:virtual_jtag_0|sld_virtual_jtag_basic:sld_virtual_jtag_basic_inst|sld_virtual_jtag_impl:sld_virtual_jtag_impl_inst|sld_jtag_endpoint_adapter:jtag_signal_adapter" File: c:/intelfpga_lite/20.1/quartus/libraries/megafunctions/sld_virtual_jtag_basic.v Line: 415
Info (12128): Elaborating entity "sld_jtag_endpoint_adapter_impl" for hierarchy "v_jtag:u0|sld_virtual_jtag:virtual_jtag_0|sld_virtual_jtag_basic:sld_virtual_jtag_basic_inst|sld_virtual_jtag_impl:sld_virtual_jtag_impl_inst|sld_jtag_endpoint_adapter:jtag_signal_adapter|sld_jtag_endpoint_adapter_impl:sld_jtag_endpoint_adapter_impl_inst" File: c:/intelfpga_lite/20.1/quartus/libraries/megafunctions/sld_jtag_endpoint_adapter.vhd Line: 232
Info (12128): Elaborating entity "DUT" for hierarchy "DUT:dut_instance" File: E:/EE214/lab/prob01/TopLevel.vhdl Line: 153
Info (12128): Elaborating entity "MULTIPLIER" for hierarchy "DUT:dut_instance|MULTIPLIER:add_instance" File: E:/EE214/lab/prob01/DUT.vhdl Line: 21
Info (12128): Elaborating entity "AND_2" for hierarchy "DUT:dut_instance|MULTIPLIER:add_instance|AND_2:AND1" File: E:/EE214/lab/prob01/MULTIPLIER.vhd Line: 20
Info (12128): Elaborating entity "ADDER_SUBTRACTOR" for hierarchy "DUT:dut_instance|MULTIPLIER:add_instance|ADDER_SUBTRACTOR:FB1" File: E:/EE214/lab/prob01/MULTIPLIER.vhd Line: 33
Info (12128): Elaborating entity "XOR_GATE" for hierarchy "DUT:dut_instance|MULTIPLIER:add_instance|ADDER_SUBTRACTOR:FB1|XOR_GATE:XOR1" File: E:/EE214/lab/prob01/ADDER_SUBTRACTOR.vhd Line: 23
Info (12128): Elaborating entity "NAND_2" for hierarchy "DUT:dut_instance|MULTIPLIER:add_instance|ADDER_SUBTRACTOR:FB1|XOR_GATE:XOR1|NAND_2:NAND1" File: E:/EE214/lab/prob01/XOR.vhd Line: 13
Info (12128): Elaborating entity "FULL_ADDER" for hierarchy "DUT:dut_instance|MULTIPLIER:add_instance|ADDER_SUBTRACTOR:FB1|FULL_ADDER:FA1" File: E:/EE214/lab/prob01/ADDER_SUBTRACTOR.vhd Line: 27
Info (11170): Starting IP generation for the debug fabric: alt_sld_fab.
Info (11172): 2022.09.01.16:34:30 Progress: Loading sld588c18dd/alt_sld_fab_wrapper_hw.tcl
Info (11172): Alt_sld_fab.alt_sld_fab: SLD fabric agents which did not specify prefer_host were connected to JTAG
Info (11172): Alt_sld_fab: Generating alt_sld_fab "alt_sld_fab" for QUARTUS_SYNTH
Info (11172): Alt_sld_fab: "alt_sld_fab" instantiated alt_sld_fab "alt_sld_fab"
Info (11172): Presplit: "alt_sld_fab" instantiated altera_super_splitter "presplit"
Info (11172): Splitter: "alt_sld_fab" instantiated altera_sld_splitter "splitter"
Info (11172): Sldfabric: "alt_sld_fab" instantiated altera_sld_jtag_hub "sldfabric"
Info (11172): Ident: "alt_sld_fab" instantiated altera_connection_identification_hub "ident"
Info (11172): Alt_sld_fab: Done "alt_sld_fab" with 6 modules, 6 files
Info (11171): Finished IP generation for the debug fabric: alt_sld_fab.
Info (12021): Found 1 design units, including 1 entities, in source file db/ip/sld588c18dd/alt_sld_fab.v
    Info (12023): Found entity 1: alt_sld_fab File: E:/EE214/lab/prob01/db/ip/sld588c18dd/alt_sld_fab.v Line: 9
Info (12021): Found 1 design units, including 1 entities, in source file db/ip/sld588c18dd/submodules/alt_sld_fab_alt_sld_fab.v
    Info (12023): Found entity 1: alt_sld_fab_alt_sld_fab File: E:/EE214/lab/prob01/db/ip/sld588c18dd/submodules/alt_sld_fab_alt_sld_fab.v Line: 9
Info (12021): Found 1 design units, including 1 entities, in source file db/ip/sld588c18dd/submodules/alt_sld_fab_alt_sld_fab_ident.sv
    Info (12023): Found entity 1: alt_sld_fab_alt_sld_fab_ident File: E:/EE214/lab/prob01/db/ip/sld588c18dd/submodules/alt_sld_fab_alt_sld_fab_ident.sv Line: 33
Info (12021): Found 1 design units, including 1 entities, in source file db/ip/sld588c18dd/submodules/alt_sld_fab_alt_sld_fab_presplit.sv
    Info (12023): Found entity 1: alt_sld_fab_alt_sld_fab_presplit File: E:/EE214/lab/prob01/db/ip/sld588c18dd/submodules/alt_sld_fab_alt_sld_fab_presplit.sv Line: 3
Info (12021): Found 2 design units, including 1 entities, in source file db/ip/sld588c18dd/submodules/alt_sld_fab_alt_sld_fab_sldfabric.vhd
    Info (12022): Found design unit 1: alt_sld_fab_alt_sld_fab_sldfabric-rtl File: E:/EE214/lab/prob01/db/ip/sld588c18dd/submodules/alt_sld_fab_alt_sld_fab_sldfabric.vhd Line: 102
    Info (12023): Found entity 1: alt_sld_fab_alt_sld_fab_sldfabric File: E:/EE214/lab/prob01/db/ip/sld588c18dd/submodules/alt_sld_fab_alt_sld_fab_sldfabric.vhd Line: 11
Info (12021): Found 1 design units, including 1 entities, in source file db/ip/sld588c18dd/submodules/alt_sld_fab_alt_sld_fab_splitter.sv
    Info (12023): Found entity 1: alt_sld_fab_alt_sld_fab_splitter File: E:/EE214/lab/prob01/db/ip/sld588c18dd/submodules/alt_sld_fab_alt_sld_fab_splitter.sv Line: 3
Info (286031): Timing-Driven Synthesis is running on partition "Top"
Info (16010): Generating hard_block partition "hard_block:auto_generated_inst"
    Info (16011): Adding 0 node(s), including 0 DDIO, 0 PLL, 0 transceiver and 0 LCELL
Info (21057): Implemented 210 device resources after synthesis - the final resource count might be different
    Info (21058): Implemented 3 input pins
    Info (21059): Implemented 6 output pins
    Info (21061): Implemented 200 logic cells
Info: Quartus Prime Analysis & Synthesis was successful. 0 errors, 20 warnings
    Info: Peak virtual memory: 4797 megabytes
    Info: Processing ended: Thu Sep 01 16:34:38 2022
    Info: Elapsed time: 00:00:22
    Info: Total CPU time (on all processors): 00:00:43


